#
# A fatal error has been detected by the Java Runtime Environment:
#
#  EXCEPTION_ACCESS_VIOLATION (0xc0000005) at pc=0x69cadfdb, pid=3424, tid=1560
#
# JRE version: Java(TM) SE Runtime Environment (7.0_60-b19) (build 1.7.0_60-b19)
# Java VM: Java HotSpot(TM) Client VM (24.60-b09 mixed mode windows-x86 )
# Problematic frame:
# V  [jvm.dll+0xddfdb]
#
# Failed to write core dump. Minidumps are not enabled by default on client versions of Windows
#
# If you would like to submit a bug report, please visit:
#   http://bugreport.sun.com/bugreport/crash.jsp
#

---------------  T H R E A D  ---------------

Current thread (0x00bd0800):  JavaThread "JDWP Transport Listener: dt_socket" daemon [_thread_in_vm, id=1560, stack(0x18400000,0x18450000)]

siginfo: ExceptionCode=0xc0000005, reading address 0x2f6c616e

Registers:
EAX=0x2f6c616e, EBX=0x00000000, ECX=0x2f6c616e, EDX=0x00000000
ESP=0x1844f424, EBP=0x1844f428, ESI=0x00901bf8, EDI=0x1844f508
EIP=0x69cadfdb, EFLAGS=0x00010202

Top of Stack: (sp=0x1844f424)
0x1844f424:   00901bf8 1844f450 69de080a 2f6c616e
0x1844f434:   1844f48b 00bd0800 00000000 00000000
0x1844f444:   00000000 00bd0800 00bd0800 1844f48c
0x1844f454:   73c69d8d 00901bf8 2f6c616e 1844f48b
0x1844f464:   2f6c616e 73c5436d 2f6c616e 1844f48b
0x1844f474:   00000005 00000000 00000000 00000009
0x1844f484:   00000000 008f7cd8 1844f4ac 73c544e0
0x1844f494:   00000001 1844f4c8 1844f504 1a16c180 

Instructions: (pc=0x69cadfdb)
0x69cadfbb:   89 4f 04 8b 56 0c 89 57 08 8b 46 10 89 47 0c 5f
0x69cadfcb:   5e 5d c2 0c 00 55 8b ec 8b 45 08 56 85 c0 74 28
0x69cadfdb:   8b 30 85 f6 74 22 81 fe fe fe fe fe 74 1a 8b 4e
0x69cadfeb:   04 8b 41 08 8b 90 90 00 00 00 83 c1 08 ff d2 84 


Register to memory mapping:

EAX=0x2f6c616e is an unknown value
EBX=0x00000000 is an unknown value
ECX=0x2f6c616e is an unknown value
EDX=0x00000000 is an unknown value
ESP=0x1844f424 is pointing into the stack for thread: 0x00bd0800
EBP=0x1844f428 is pointing into the stack for thread: 0x00bd0800
ESI=0x00901bf8 is an unknown value
EDI=0x1844f508 is pointing into the stack for thread: 0x00bd0800


Stack: [0x18400000,0x18450000],  sp=0x1844f424,  free space=317k
Native frames: (J=compiled Java code, j=interpreted, Vv=VM code, C=native code)
V  [jvm.dll+0xddfdb]
V  [jvm.dll+0x21080a]
C  [jdwp.dll+0x19d8d]
C  [jdwp.dll+0x44e0]
C  [jdwp.dll+0x451e]


---------------  P R O C E S S  ---------------

Java Threads: ( => current thread )
  0x1a5de400 JavaThread "Swing-Shell" daemon [_thread_blocked, id=1112, stack(0x19f80000,0x19fd0000)]
  0x1a1e3c00 JavaThread "pool-1-thread-1" [_thread_blocked, id=3148, stack(0x1a8e0000,0x1a930000)]
  0x18930400 JavaThread "Abandoned connection cleanup thread" daemon [_thread_blocked, id=3716, stack(0x18970000,0x189c0000)]
  0x1875e800 JavaThread "TimerQueue" daemon [_thread_blocked, id=3592, stack(0x19db0000,0x19e00000)]
  0x00adcc00 JavaThread "DestroyJavaVM" [_thread_blocked, id=2952, stack(0x00b40000,0x00b90000)]
  0x185c1000 JavaThread "AWT-EventQueue-0" [_thread_blocked, id=1784, stack(0x18b00000,0x18b50000)]
  0x185c0400 JavaThread "AWT-Windows" daemon [_thread_in_native, id=932, stack(0x18ab0000,0x18b00000)]
  0x185b1c00 JavaThread "AWT-Shutdown" [_thread_blocked, id=2004, stack(0x18a50000,0x18aa0000)]
  0x185af000 JavaThread "Java2D Disposer" daemon [_thread_blocked, id=2540, stack(0x189c0000,0x18a10000)]
  0x00bf1c00 JavaThread "Service Thread" daemon [_thread_blocked, id=1248, stack(0x18310000,0x18360000)]
  0x00bef400 JavaThread "C1 CompilerThread0" daemon [_thread_blocked, id=956, stack(0x18160000,0x181b0000)]
  0x00bdf000 JavaThread "JDWP Command Reader" daemon [_thread_in_native, id=2200, stack(0x182c0000,0x18310000)]
  0x00bddc00 JavaThread "JDWP Event Helper Thread" daemon [_thread_blocked, id=3888, stack(0x00590000,0x005e0000)]
=>0x00bd0800 JavaThread "JDWP Transport Listener: dt_socket" daemon [_thread_in_vm, id=1560, stack(0x18400000,0x18450000)]
  0x00bcdc00 JavaThread "Attach Listener" daemon [_thread_blocked, id=3628, stack(0x17d30000,0x17d80000)]
  0x00bcac00 JavaThread "Signal Dispatcher" daemon [_thread_blocked, id=3376, stack(0x00dc0000,0x00e10000)]
  0x00b9a800 JavaThread "Finalizer" daemon [_thread_blocked, id=376, stack(0x17c00000,0x17c50000)]
  0x00b95800 JavaThread "Reference Handler" daemon [_thread_blocked, id=2064, stack(0x03b90000,0x03be0000)]

Other Threads:
  0x00b93400 VMThread [stack: 0x00e20000,0x00e70000] [id=948]
  0x00bfb800 WatcherThread [stack: 0x18510000,0x18560000] [id=3416]

VM state:not at safepoint (normal execution)

VM Mutex/Monitor currently owned by a thread: None

Heap
 def new generation   total 15488K, used 3896K [0x03c00000, 0x04cc0000, 0x09150000)
  eden space 13824K,  23% used [0x03c00000, 0x03f2bfa8, 0x04980000)
  from space 1664K,  38% used [0x04b20000, 0x04bc2318, 0x04cc0000)
  to   space 1664K,   0% used [0x04980000, 0x04980000, 0x04b20000)
 tenured generation   total 34212K, used 27924K [0x09150000, 0x0b2b9000, 0x13c00000)
   the space 34212K,  81% used [0x09150000, 0x0ac95050, 0x0ac95200, 0x0b2b9000)
 compacting perm gen  total 25600K, used 25441K [0x13c00000, 0x15500000, 0x17c00000)
   the space 25600K,  99% used [0x13c00000, 0x154d86c0, 0x154d8800, 0x15500000)
No shared spaces configured.

Card table byte_map: [0x009f0000,0x00aa0000] byte_map_base: 0x009d2000

Polling page: 0x00170000

Code Cache  [0x01b80000, 0x02140000, 0x03b80000)
 total_blobs=3463 nmethods=3179 adapters=225 free_code_cache=26893Kb largest_free_block=27537024

Compilation events (10 events):
Event: 1840.254 Thread 0x00bef400 3206  s          java.awt.Component::addFocusListener (43 bytes)
Event: 1840.254 Thread 0x00bef400 nmethod 3206 0x0213b4c8 code [0x0213b5f0, 0x0213b96c]
Event: 1840.254 Thread 0x00bef400 3207             java.awt.Container::recursiveHideHeavyweightChildren (78 bytes)
Event: 1840.255 Thread 0x00bef400 nmethod 3207 0x0213bac8 code [0x0213bc40, 0x0213bf14]
Event: 1853.845 Thread 0x00bef400 3208   !         javax.swing.TimerQueue::addTimer (67 bytes)
Event: 1853.846 Thread 0x00bef400 nmethod 3208 0x0213c1c8 code [0x0213c320, 0x0213c69c]
Event: 1853.909 Thread 0x00bef400 3209             javax.swing.TimerQueue$DelayedTimer::getDelay (16 bytes)
Event: 1853.909 Thread 0x00bef400 nmethod 3209 0x0213c9c8 code [0x0213cad0, 0x0213cbac]
Event: 1854.261 Thread 0x00bef400 3210             javax.swing.ToolTipManager::mouseMoved (108 bytes)
Event: 1854.262 Thread 0x00bef400 nmethod 3210 0x0213cc48 code [0x0213cd90, 0x0213cfbc]

GC Heap History (10 events):
Event: 1780.027 GC heap before
{Heap before GC invocations=51 (full 5):
 def new generation   total 15488K, used 13969K [0x03c00000, 0x04cc0000, 0x09150000)
  eden space 13824K, 100% used [0x03c00000, 0x04980000, 0x04980000)
  from space 1664K,   8% used [0x04980000, 0x049a4760, 0x04b20000)
  to   space 1664K,   0% used [0x04b20000, 0x04b20000, 0x04cc0000)
 tenured generation   total 34212K, used 20527K [0x09150000, 0x0b2b9000, 0x13c00000)
   the space 34212K,  59% used [0x09150000, 0x0a55bc38, 0x0a55be00, 0x0b2b9000)
 compacting perm gen  total 25600K, used 25438K [0x13c00000, 0x15500000, 0x17c00000)
   the space 25600K,  99% used [0x13c00000, 0x154d7800, 0x154d7800, 0x15500000)
No shared spaces configured.
Event: 1780.033 GC heap after
Heap after GC invocations=52 (full 5):
 def new generation   total 15488K, used 624K [0x03c00000, 0x04cc0000, 0x09150000)
  eden space 13824K,   0% used [0x03c00000, 0x03c00000, 0x04980000)
  from space 1664K,  37% used [0x04b20000, 0x04bbc000, 0x04cc0000)
  to   space 1664K,   0% used [0x04980000, 0x04980000, 0x04b20000)
 tenured generation   total 34212K, used 24322K [0x09150000, 0x0b2b9000, 0x13c00000)
   the space 34212K,  71% used [0x09150000, 0x0a910aa0, 0x0a910c00, 0x0b2b9000)
 compacting perm gen  total 25600K, used 25438K [0x13c00000, 0x15500000, 0x17c00000)
   the space 25600K,  99% used [0x13c00000, 0x154d7800, 0x154d7800, 0x15500000)
No shared spaces configured.
}
Event: 1811.535 GC heap before
{Heap before GC invocations=52 (full 5):
 def new generation   total 15488K, used 14448K [0x03c00000, 0x04cc0000, 0x09150000)
  eden space 13824K, 100% used [0x03c00000, 0x04980000, 0x04980000)
  from space 1664K,  37% used [0x04b20000, 0x04bbc000, 0x04cc0000)
  to   space 1664K,   0% used [0x04980000, 0x04980000, 0x04b20000)
 tenured generation   total 34212K, used 24322K [0x09150000, 0x0b2b9000, 0x13c00000)
   the space 34212K,  71% used [0x09150000, 0x0a910aa0, 0x0a910c00, 0x0b2b9000)
 compacting perm gen  total 25600K, used 25438K [0x13c00000, 0x15500000, 0x17c00000)
   the space 25600K,  99% used [0x13c00000, 0x154d7860, 0x154d7a00, 0x15500000)
No shared spaces configured.
Event: 1811.537 GC heap after
Heap after GC invocations=53 (full 5):
 def new generation   total 15488K, used 506K [0x03c00000, 0x04cc0000, 0x09150000)
  eden space 13824K,   0% used [0x03c00000, 0x03c00000, 0x04980000)
  from space 1664K,  30% used [0x04980000, 0x049fe988, 0x04b20000)
  to   space 1664K,   0% used [0x04b20000, 0x04b20000, 0x04cc0000)
 tenured generation   total 34212K, used 24322K [0x09150000, 0x0b2b9000, 0x13c00000)
   the space 34212K,  71% used [0x09150000, 0x0a910aa0, 0x0a910c00, 0x0b2b9000)
 compacting perm gen  total 25600K, used 25438K [0x13c00000, 0x15500000, 0x17c00000)
   the space 25600K,  99% used [0x13c00000, 0x154d7860, 0x154d7a00, 0x15500000)
No shared spaces configured.
}
Event: 1838.579 GC heap before
{Heap before GC invocations=53 (full 5):
 def new generation   total 15488K, used 14330K [0x03c00000, 0x04cc0000, 0x09150000)
  eden space 13824K, 100% used [0x03c00000, 0x04980000, 0x04980000)
  from space 1664K,  30% used [0x04980000, 0x049fe988, 0x04b20000)
  to   space 1664K,   0% used [0x04b20000, 0x04b20000, 0x04cc0000)
 tenured generation   total 34212K, used 24322K [0x09150000, 0x0b2b9000, 0x13c00000)
   the space 34212K,  71% used [0x09150000, 0x0a910aa0, 0x0a910c00, 0x0b2b9000)
 compacting perm gen  total 25600K, used 25441K [0x13c00000, 0x15500000, 0x17c00000)
   the space 25600K,  99% used [0x13c00000, 0x154d8690, 0x154d8800, 0x15500000)
No shared spaces configured.
Event: 1838.585 GC heap after
Heap after GC invocations=54 (full 5):
 def new generation   total 15488K, used 703K [0x03c00000, 0x04cc0000, 0x09150000)
  eden space 13824K,   0% used [0x03c00000, 0x03c00000, 0x04980000)
  from space 1664K,  42% used [0x04b20000, 0x04bcfca8, 0x04cc0000)
  to   space 1664K,   0% used [0x04980000, 0x04980000, 0x04b20000)
 tenured generation   total 34212K, used 27924K [0x09150000, 0x0b2b9000, 0x13c00000)
   the space 34212K,  81% used [0x09150000, 0x0ac95050, 0x0ac95200, 0x0b2b9000)
 compacting perm gen  total 25600K, used 25441K [0x13c00000, 0x15500000, 0x17c00000)
   the space 25600K,  99% used [0x13c00000, 0x154d8690, 0x154d8800, 0x15500000)
No shared spaces configured.
}
Event: 1838.809 GC heap before
{Heap before GC invocations=54 (full 5):
 def new generation   total 15488K, used 14527K [0x03c00000, 0x04cc0000, 0x09150000)
  eden space 13824K, 100% used [0x03c00000, 0x04980000, 0x04980000)
  from space 1664K,  42% used [0x04b20000, 0x04bcfca8, 0x04cc0000)
  to   space 1664K,   0% used [0x04980000, 0x04980000, 0x04b20000)
 tenured generation   total 34212K, used 27924K [0x09150000, 0x0b2b9000, 0x13c00000)
   the space 34212K,  81% used [0x09150000, 0x0ac95050, 0x0ac95200, 0x0b2b9000)
 compacting perm gen  total 25600K, used 25441K [0x13c00000, 0x15500000, 0x17c00000)
   the space 25600K,  99% used [0x13c00000, 0x154d86c0, 0x154d8800, 0x15500000)
No shared spaces configured.
Event: 1838.812 GC heap after
Heap after GC invocations=55 (full 5):
 def new generation   total 15488K, used 675K [0x03c00000, 0x04cc0000, 0x09150000)
  eden space 13824K,   0% used [0x03c00000, 0x03c00000, 0x04980000)
  from space 1664K,  40% used [0x04980000, 0x04a28f40, 0x04b20000)
  to   space 1664K,   0% used [0x04b20000, 0x04b20000, 0x04cc0000)
 tenured generation   total 34212K, used 27924K [0x09150000, 0x0b2b9000, 0x13c00000)
   the space 34212K,  81% used [0x09150000, 0x0ac95050, 0x0ac95200, 0x0b2b9000)
 compacting perm gen  total 25600K, used 25441K [0x13c00000, 0x15500000, 0x17c00000)
   the space 25600K,  99% used [0x13c00000, 0x154d86c0, 0x154d8800, 0x15500000)
No shared spaces configured.
}
Event: 1840.147 GC heap before
{Heap before GC invocations=55 (full 5):
 def new generation   total 15488K, used 14499K [0x03c00000, 0x04cc0000, 0x09150000)
  eden space 13824K, 100% used [0x03c00000, 0x04980000, 0x04980000)
  from space 1664K,  40% used [0x04980000, 0x04a28f40, 0x04b20000)
  to   space 1664K,   0% used [0x04b20000, 0x04b20000, 0x04cc0000)
 tenured generation   total 34212K, used 27924K [0x09150000, 0x0b2b9000, 0x13c00000)
   the space 34212K,  81% used [0x09150000, 0x0ac95050, 0x0ac95200, 0x0b2b9000)
 compacting perm gen  total 25600K, used 25441K [0x13c00000, 0x15500000, 0x17c00000)
   the space 25600K,  99% used [0x13c00000, 0x154d86c0, 0x154d8800, 0x15500000)
No shared spaces configured.
Event: 1840.150 GC heap after
Heap after GC invocations=56 (full 5):
 def new generation   total 15488K, used 648K [0x03c00000, 0x04cc0000, 0x09150000)
  eden space 13824K,   0% used [0x03c00000, 0x03c00000, 0x04980000)
  from space 1664K,  38% used [0x04b20000, 0x04bc2318, 0x04cc0000)
  to   space 1664K,   0% used [0x04980000, 0x04980000, 0x04b20000)
 tenured generation   total 34212K, used 27924K [0x09150000, 0x0b2b9000, 0x13c00000)
   the space 34212K,  81% used [0x09150000, 0x0ac95050, 0x0ac95200, 0x0b2b9000)
 compacting perm gen  total 25600K, used 25441K [0x13c00000, 0x15500000, 0x17c00000)
   the space 25600K,  99% used [0x13c00000, 0x154d86c0, 0x154d8800, 0x15500000)
No shared spaces configured.
}

Deoptimization events (0 events):
No events

Internal exceptions (10 events):
Event: 1459.014 Thread 0x185c1000 Threw 0x040a62b8 at C:\re\jdk7u60\1081\hotspot\src\share\vm\prims\jvm.cpp:1244
Event: 1459.022 Thread 0x185c1000 Threw 0x04116538 at C:\re\jdk7u60\1081\hotspot\src\share\vm\prims\jvm.cpp:1244
Event: 1459.022 Thread 0x185c1000 Threw 0x04117da0 at C:\re\jdk7u60\1081\hotspot\src\share\vm\prims\jvm.cpp:1244
Event: 1672.098 Thread 0x185c1000 Threw 0x04213940 at C:\re\jdk7u60\1081\hotspot\src\share\vm\prims\jvm.cpp:1244
Event: 1672.099 Thread 0x185c1000 Threw 0x04214ed8 at C:\re\jdk7u60\1081\hotspot\src\share\vm\prims\jvm.cpp:1244
Event: 1672.134 Thread 0x185c1000 Threw 0x042b8960 at C:\re\jdk7u60\1081\hotspot\src\share\vm\prims\jvm.cpp:1244
Event: 1672.136 Thread 0x185c1000 Threw 0x042c07a0 at C:\re\jdk7u60\1081\hotspot\src\share\vm\prims\jvm.cpp:1244
Event: 1672.138 Thread 0x185c1000 Threw 0x042cd368 at C:\re\jdk7u60\1081\hotspot\src\share\vm\prims\jvm.cpp:1244
Event: 1672.139 Thread 0x185c1000 Threw 0x042d00c8 at C:\re\jdk7u60\1081\hotspot\src\share\vm\prims\jvm.cpp:1244
Event: 1672.140 Thread 0x185c1000 Threw 0x042d2438 at C:\re\jdk7u60\1081\hotspot\src\share\vm\prims\jvm.cpp:1244

Events (10 events):
Event: 1831.214 Thread 0x185c1000 DEOPT PACKING pc=0x01e14df6 sp=0x18b4c530
Event: 1831.214 Thread 0x185c1000 DEOPT UNPACKING pc=0x01badfce sp=0x18b4c568 mode 1
Event: 1838.578 Executing VM operation: GenCollectForAllocation
Event: 1838.585 Executing VM operation: GenCollectForAllocation done
Event: 1838.585 Executing VM operation: BulkRevokeBias
Event: 1838.585 Executing VM operation: BulkRevokeBias done
Event: 1838.809 Executing VM operation: GenCollectForAllocation
Event: 1838.812 Executing VM operation: GenCollectForAllocation done
Event: 1840.147 Executing VM operation: GenCollectForAllocation
Event: 1840.150 Executing VM operation: GenCollectForAllocation done


Dynamic libraries:
0x00f50000 - 0x00f7f000 	C:\Program Files\Java\jre7\bin\javaw.exe
0x77910000 - 0x77a4c000 	C:\Windows\SYSTEM32\ntdll.dll
0x75d60000 - 0x75e34000 	C:\Windows\system32\kernel32.dll
0x75d10000 - 0x75d5a000 	C:\Windows\system32\KERNELBASE.dll
0x76250000 - 0x762f0000 	C:\Windows\system32\ADVAPI32.dll
0x762f0000 - 0x7639c000 	C:\Windows\system32\msvcrt.dll
0x77a60000 - 0x77a79000 	C:\Windows\SYSTEM32\sechost.dll
0x76470000 - 0x76511000 	C:\Windows\system32\RPCRT4.dll
0x763a0000 - 0x76469000 	C:\Windows\system32\USER32.dll
0x76040000 - 0x7608e000 	C:\Windows\system32\GDI32.dll
0x77a90000 - 0x77a9a000 	C:\Windows\system32\LPK.dll
0x77aa0000 - 0x77b3d000 	C:\Windows\system32\USP10.dll
0x749f0000 - 0x74b8e000 	C:\Windows\WinSxS\x86_microsoft.windows.common-controls_6595b64144ccf1df_6.0.7600.16385_none_421189da2b7fabfc\COMCTL32.dll
0x75e40000 - 0x75e97000 	C:\Windows\system32\SHLWAPI.dll
0x760a0000 - 0x760bf000 	C:\Windows\system32\IMM32.DLL
0x75f20000 - 0x75fec000 	C:\Windows\system32\MSCTF.dll
0x6cce0000 - 0x6cd9f000 	C:\Program Files\Java\jre7\bin\msvcr100.dll
0x69bd0000 - 0x69f58000 	C:\Program Files\Java\jre7\bin\client\jvm.dll
0x70580000 - 0x70587000 	C:\Windows\system32\WSOCK32.dll
0x760c0000 - 0x760f5000 	C:\Windows\system32\WS2_32.dll
0x77a50000 - 0x77a56000 	C:\Windows\system32\NSI.dll
0x71a90000 - 0x71ac2000 	C:\Windows\system32\WINMM.dll
0x76090000 - 0x76095000 	C:\Windows\system32\PSAPI.DLL
0x70590000 - 0x7059c000 	C:\Program Files\Java\jre7\bin\verify.dll
0x6f8e0000 - 0x6f900000 	C:\Program Files\Java\jre7\bin\java.dll
0x73c50000 - 0x73c7a000 	C:\Program Files\Java\jre7\bin\jdwp.dll
0x73c40000 - 0x73c47000 	C:\Program Files\Java\jre7\bin\npt.dll
0x6f900000 - 0x6f913000 	C:\Program Files\Java\jre7\bin\zip.dll
0x72870000 - 0x72878000 	C:\Program Files\Java\jre7\bin\dt_socket.dll
0x73f60000 - 0x73f70000 	C:\Windows\system32\NLAapi.dll
0x754a0000 - 0x754dc000 	C:\Windows\System32\mswsock.dll
0x75360000 - 0x753a4000 	C:\Windows\system32\DNSAPI.dll
0x720b0000 - 0x720b8000 	C:\Windows\System32\winrnr.dll
0x720a0000 - 0x720b0000 	C:\Windows\system32\napinsp.dll
0x72080000 - 0x72092000 	C:\Windows\system32\pnrpnsp.dll
0x73cf0000 - 0x73d0c000 	C:\Windows\system32\IPHLPAPI.DLL
0x73ce0000 - 0x73ce7000 	C:\Windows\system32\WINNSI.DLL
0x73b70000 - 0x73ba8000 	C:\Windows\System32\fwpuclnt.dll
0x71d40000 - 0x71d46000 	C:\Windows\system32\rasadhlp.dll
0x74ff0000 - 0x74ff5000 	C:\Windows\System32\wshtcpip.dll
0x6c1a0000 - 0x6c2e3000 	C:\Program Files\Java\jre7\bin\awt.dll
0x76100000 - 0x7618f000 	C:\Windows\system32\OLEAUT32.dll
0x77410000 - 0x7756c000 	C:\Windows\system32\ole32.dll
0x747c0000 - 0x74800000 	C:\Windows\system32\uxtheme.dll
0x74480000 - 0x74493000 	C:\Windows\system32\dwmapi.dll
0x759e0000 - 0x759ec000 	C:\Windows\system32\CRYPTBASE.dll
0x767c0000 - 0x77409000 	C:\Windows\system32\SHELL32.dll
0x70970000 - 0x709a9000 	C:\Program Files\Java\jre7\bin\fontmanager.dll
0x6f8a0000 - 0x6f8b4000 	C:\Program Files\Java\jre7\bin\net.dll
0x75490000 - 0x75496000 	C:\Windows\System32\wship6.dll
0x705a0000 - 0x705af000 	C:\Program Files\Java\jre7\bin\nio.dll
0x72840000 - 0x72870000 	C:\Program Files\Java\jre7\bin\t2k.dll
0x761c0000 - 0x76243000 	C:\Windows\system32\CLBCatQ.DLL
0x74330000 - 0x7442b000 	C:\Windows\system32\WindowsCodecs.dll
0x75990000 - 0x759db000 	C:\Windows\system32\apphelp.dll
0x70ea0000 - 0x70ed1000 	C:\Windows\system32\EhStorShell.dll
0x76520000 - 0x766bd000 	C:\Windows\system32\SETUPAPI.dll
0x75ce0000 - 0x75d07000 	C:\Windows\system32\CFGMGR32.dll
0x75b70000 - 0x75b82000 	C:\Windows\system32\DEVOBJ.dll
0x748b0000 - 0x749a5000 	C:\Windows\system32\PROPSYS.dll
0x661c0000 - 0x663dd000 	C:\PROGRA~1\MICROS~2\Office12\GR469A~1.DLL
0x68ef0000 - 0x68fe1000 	C:\PROGRA~1\MICROS~2\Office12\GrooveUtil.DLL
0x766c0000 - 0x767b4000 	C:\Windows\system32\WININET.dll
0x77a80000 - 0x77a83000 	C:\Windows\system32\Normaliz.dll
0x777d0000 - 0x77905000 	C:\Windows\system32\urlmon.dll
0x75b90000 - 0x75cac000 	C:\Windows\system32\CRYPT32.dll
0x75ad0000 - 0x75adc000 	C:\Windows\system32\MSASN1.dll
0x77570000 - 0x77769000 	C:\Windows\system32\iertutil.dll
0x71660000 - 0x716fb000 	C:\Windows\WinSxS\x86_microsoft.vc80.crt_1fc8b3b9a1e18e3b_8.0.50727.4927_none_d08a205e442db5b5\MSVCR80.dll
0x68ff0000 - 0x68ff7000 	C:\PROGRA~1\MICROS~2\Office12\GrooveNew.DLL
0x74f60000 - 0x74f69000 	C:\Windows\system32\VERSION.dll
0x7c630000 - 0x7c64b000 	C:\Windows\WinSxS\x86_microsoft.vc80.atl_1fc8b3b9a1e18e3b_8.0.50727.42_none_dc990e4797f81af1\ATL80.DLL
0x75510000 - 0x75526000 	C:\Windows\system32\CRYPTSP.dll
0x75280000 - 0x752bb000 	C:\Windows\system32\rsaenh.dll
0x70790000 - 0x70795000 	C:\Windows\system32\MSImg32.dll
0x70720000 - 0x7078a000 	C:\Windows\System32\cscui.dll
0x70710000 - 0x70719000 	C:\Windows\System32\CSCDLL.dll
0x708d0000 - 0x708db000 	C:\Windows\system32\CSCAPI.dll
0x706a0000 - 0x7070f000 	C:\Windows\system32\ntshrui.dll
0x758e0000 - 0x758f9000 	C:\Windows\system32\srvcli.dll
0x73e30000 - 0x73e3a000 	C:\Windows\system32\slc.dll
0x70690000 - 0x70696000 	C:\Windows\system32\IconCodecService.dll
0x70920000 - 0x70945000 	C:\Program Files\Java\jre7\bin\jpeg.dll
0x750c0000 - 0x750d7000 	C:\Windows\system32\USERENV.dll
0x75a60000 - 0x75a6b000 	C:\Windows\system32\profapi.dll
0x73c80000 - 0x73c8d000 	C:\Windows\system32\dhcpcsvc6.DLL
0x73b50000 - 0x73b62000 	C:\Windows\system32\dhcpcsvc.DLL
0x75ae0000 - 0x75b64000 	C:\Windows\WinSxS\x86_microsoft.windows.common-controls_6595b64144ccf1df_5.82.7600.16385_none_ebf82fc36c758ad5\comctl32.dll
0x72530000 - 0x72551000 	C:\Windows\system32\ntmarta.dll
0x75ff0000 - 0x76035000 	C:\Windows\system32\WLDAP32.dll
0x6f920000 - 0x6fab8000 	C:\Windows\system32\NetworkExplorer.dll
0x70500000 - 0x7052e000 	C:\Windows\System32\shdocvw.dll
0x71ad0000 - 0x71ae2000 	C:\Windows\system32\MPR.dll
0x72a90000 - 0x72a98000 	C:\Windows\System32\drprov.dll
0x754e0000 - 0x75509000 	C:\Windows\System32\WINSTA.dll
0x727d0000 - 0x727e4000 	C:\Windows\System32\ntlanman.dll
0x6fac0000 - 0x6fad6000 	C:\Windows\System32\davclnt.dll
0x72560000 - 0x72568000 	C:\Windows\System32\DAVHLPR.dll
0x741e0000 - 0x741ef000 	C:\Windows\system32\wkscli.dll
0x741f0000 - 0x741f9000 	C:\Windows\system32\netutils.dll
0x6bf60000 - 0x6c198000 	C:\Windows\system32\wpdshext.dll
0x74630000 - 0x747c0000 	C:\Windows\WinSxS\x86_microsoft.windows.gdiplus_6595b64144ccf1df_1.1.7600.16385_none_72fc7cbf861225ca\gdiplus.dll
0x70410000 - 0x70499000 	C:\Windows\system32\PortableDeviceApi.dll
0x75cb0000 - 0x75cdd000 	C:\Windows\system32\WINTRUST.dll
0x708e0000 - 0x7091f000 	C:\Windows\system32\audiodev.dll
0x6b980000 - 0x6bbe7000 	C:\Windows\system32\WMVCore.DLL
0x70330000 - 0x7036d000 	C:\Windows\system32\WMASF.DLL
0x70300000 - 0x70322000 	C:\Windows\system32\EhStorAPI.dll
0x704f0000 - 0x704f9000 	C:\Windows\system32\LINKINFO.dll
0x702c0000 - 0x702e4000 	C:\Program Files\Java\jre7\bin\dcpr.dll
0x720c0000 - 0x721ab000 	C:\Windows\system32\dbghelp.dll

VM Arguments:
jvm_args: -agentlib:jdwp=transport=dt_socket,suspend=y,address=localhost:49240 -Dfile.encoding=UTF-8 
java_command: nmfc.LoginNMFC
Launcher Type: SUN_STANDARD

Environment Variables:
PATH=C:/Program Files/Java/jre7/bin/client;C:/Program Files/Java/jre7/bin;C:/Program Files/Java/jre7/lib/i386;C:\Windows\system32;C:\Windows;C:\Windows\System32\Wbem;C:\Windows\System32\WindowsPowerShell\v1.0\;C:\Program Files\MySQL\MySQL Server 5.5\bin;E:\eclipse\eclipse;
USERNAME=NMFC
OS=Windows_NT
PROCESSOR_IDENTIFIER=x86 Family 6 Model 23 Stepping 10, GenuineIntel



---------------  S Y S T E M  ---------------

OS: Windows 7 Build 7600 

CPU:total 2 (2 cores per cpu, 1 threads per core) family 6 model 23 stepping 10, cmov, cx8, fxsr, mmx, sse, sse2, sse3, ssse3, tsc

Memory: 4k page, physical 1962168k(857144k free), swap 3924336k(2536000k free)

vm_info: Java HotSpot(TM) Client VM (24.60-b09) for windows-x86 JRE (1.7.0_60-b19), built on May  7 2014 13:09:52 by "java_re" with unknown MS VC++:1600

time: Sun Jan 15 16:54:40 2017
elapsed time: 1868 seconds

